<?xml version="1.0" encoding="UTF-8"?>
<testExecutions version="1">
  <file path="C:\projects\my-projects\workspaces\New1\powerboard\powerboard-business-api\src\app\dashboard\services\dashboard.service.spec.ts">
    <testCase name="DashboardService should be defined after module initialization" duration="80"/>
    <testCase name="DashboardService getDashboardByTeamId() test 1 if team present" duration="29"/>
    <testCase name="DashboardService fetchStatus method will return status of project test 1 if client status is null" duration="23"/>
    <testCase name="DashboardService fetchStatus method will return status of project test 1 if client status is null" duration="55"/>
  </file>
  <file path="C:\projects\my-projects\workspaces\New1\powerboard\powerboard-business-api\src\app\dashboard\sprint\services\sprint.crud.service.spec.ts">
    <testCase name="SprintCrudService should be defined after module initialization" duration="57"/>
    <testCase name="SprintCrudService getSprintDetailResponse() should return sprint Detail Response" duration="70"/>
    <testCase name="SprintCrudService getBurnDown() should return burndown details" duration="34"/>
    <testCase name="SprintCrudService getVelocityComparison() getVelocityComparison() should return velocity comparison details" duration="19"/>
    <testCase name="SprintCrudService getVelocityComparison() getVelocityComparison() should return undefined error if there is any error with query builder" duration="32"/>
  </file>
  <file path="C:\projects\my-projects\workspaces\New1\powerboard\powerboard-business-api\src\app\multimedia\controllers\multimedia.crud.controller.spec.ts">
    <testCase name="Multimedia Controller should be defined after module initialization" duration="5"/>
    <testCase name="Multimedia Controller getAllAlbums() should return all the folders/albums present in the DB" duration="5"/>
    <testCase name="Multimedia Controller uploadImage() should upload the image properly" duration="2"/>
    <testCase name="Multimedia Controller uploadFileToFolder() should upload the file to a folder properly" duration="2"/>
    <testCase name="Multimedia Controller getAllFilesInFolderForTeam() should return all the files present in a folder of a team" duration="2"/>
    <testCase name="Multimedia Controller deleteMultipleFilesAndFolders() should delete multiple files and folders present in a team" duration="50"/>
    <testCase name="Multimedia Controller getAllFilesForTeam() should return all files present in a team" duration="1"/>
    <testCase name="Multimedia Controller addFolderInRoot() should return all files present in a team" duration="8"/>
    <testCase name="Multimedia Controller addFilesAndFoldersIntoSlideshow() should return all files present in a team" duration="1"/>
    <testCase name="Multimedia Controller getMultimediaForSlideshow() should return all files present in a team" duration="3"/>
  </file>
  <file path="C:\projects\my-projects\workspaces\New1\powerboard\powerboard-business-api\src\app\multimedia\services\multimedia.crud.service.spec.ts">
    <testCase name="MultimdeiaCrudService should be defined after module initialization" duration="56"/>
    <testCase name="MultimdeiaCrudService uploadFile should return the multimedia entity which is uploaded" duration="141"/>
    <testCase name="MultimdeiaCrudService uploadFile should return undefined if the file is not uploaded " duration="25"/>
    <testCase name="MultimdeiaCrudService uploadFileToFolder should return the uploaded file entity " duration="26"/>
    <testCase name="MultimdeiaCrudService uploadFileToFolder should return undefined if the file is not uploaded " duration="38"/>
    <testCase name="MultimdeiaCrudService getDefaultMultimediaForTeam() should return the default root multimedia for team who has root files" duration="44"/>
    <testCase name="MultimdeiaCrudService getDefaultMultimediaForTeam() should return the default root multimedia for team who has no root files" duration="18"/>
    <testCase name="MultimdeiaCrudService getDefaultMultimediaForTeam() should throw no found message if there is no multimedia present in the root file" duration="17"/>
    <testCase name="MultimdeiaCrudService getDisplay() should return the files display" duration="38"/>
    <testCase name="MultimdeiaCrudService addFiles() should add files" duration="16"/>
    <testCase name="MultimdeiaCrudService getDisplayFilesFromFolder() should return display files for a folder" duration="15"/>
    <testCase name="MultimdeiaCrudService getDisplayFilesFromFolder() should return empty array if the files are not present in any sub folder" duration="15"/>
    <testCase name="MultimdeiaCrudService getCommonFiles() should return the common root files present in the root folder" duration="21"/>
    <testCase name="MultimdeiaCrudService getFolderList() should return list of sub folders" duration="16"/>
    <testCase name="MultimdeiaCrudService deleteFilesFromSubFolder() should return all the files present in a particular folder" duration="28"/>
    <testCase name="MultimdeiaCrudService deleteFilesAndFoldersFromRoot() should delete all the files and folders present in the root" duration="12"/>
    <testCase name="MultimdeiaCrudService deleteMultipleFilesAndFolders() should delete multiple root multimedia files and folders present for a team" duration="21"/>
    <testCase name="MultimdeiaCrudService deleteMultipleFilesAndFolders() should delete multiple multimedia files present in a sub-folder of a team" duration="15"/>
    <testCase name="MultimdeiaCrudService addFolder() should create a new folder" duration="29"/>
    <testCase name="MultimdeiaCrudService addFolder() should throw error if empty folderName is given" duration="102"/>
    <testCase name="MultimdeiaCrudService getAllFilesInFolderForTeam() should return all files present in the folder" duration="12"/>
    <testCase name="MultimdeiaCrudService getAllFilesForTeam() should return all files present in the team" duration="17"/>
    <testCase name="MultimdeiaCrudService getAllFilesForTeam() should return all files present in root folder of the team" duration="15"/>
    <testCase name="MultimdeiaCrudService addFilesAndFoldersIntoSlideshow() should add files and folders to the slide show" duration="12"/>
    <testCase name="MultimdeiaCrudService addFilesAndFoldersIntoSlideshow() getMultimediaForSlideshow() should return all the multimedia present in an album for slide show" duration="12"/>
    <testCase name="MultimdeiaCrudService addFilesAndFoldersIntoSlideshow() getMultimediaForSlideshow() should return all the root files present for slide show" duration="12"/>
  </file>
  <file path="C:\projects\my-projects\workspaces\New1\powerboard\powerboard-business-api\src\app\teams\services\team.crud.service.spec.ts">
    <testCase name="TeamCrudService should be defined after module initialization" duration="166"/>
    <testCase name="TeamCrudService updateTeam() should update the team test 1 if team not found" duration="63"/>
    <testCase name="TeamCrudService updateTeam() should update the team test 2 if team found" duration="103"/>
    <testCase name="TeamCrudService getTeamInfoById() get all 5 kpis details along with sprint and status test 1 if team not present in db " duration="72"/>
    <testCase name="TeamCrudService getTeamInfoById() get all 5 kpis details along with sprint and status test 2 if team present in db and user is System Admin " duration="50"/>
    <testCase name="TeamCrudService getTeamInfoById() get all 5 kpis details along with sprint and status test 3 if team present in db and user is not a System Admin " duration="54"/>
    <testCase name="TeamCrudService getCenterByTeamId() should ftech all center in the team test 1 if team not found" duration="72"/>
    <testCase name="TeamCrudService getCenterByTeamId() should ftech all center in the team test 2 if team found" duration="54"/>
    <testCase name="TeamCrudService  getLinksForTeam() getLinksForTeam() should fetch the all the links of the team if priveleges includes view-links" duration="65"/>
    <testCase name="TeamCrudService  getLinksForTeam() getLinksForTeam() should fetch the all the links of the team if priveleges does not include view-links" duration="50"/>
    <testCase name="TeamCrudService  getMultimediaForTeam() it should return all the multimedia related to the team" duration="94"/>
  </file>
  <file path="C:\projects\my-projects\workspaces\New1\powerboard\powerboard-business-api\src\app\teams\services\global.team.service.spec.ts">
    <testCase name="TeamCrudService should be defined after module initialization" duration="155"/>
    <testCase name="TeamCrudService getTeamsByCenterId() should update the team test 1 if no team found inside centerId" duration="146"/>
    <testCase name="TeamCrudService getTeamsByCenterId() should update the team test 2 if teams found inside centerId" duration="159"/>
    <testCase name="TeamCrudService uploadLogoForTeam()  should upload logo of a team" duration="95"/>
    <testCase name="TeamCrudService deleteLogoForTeam()  should delete logo of a team" duration="80"/>
    <testCase name="TeamCrudService deleteLogoForTeam()  should throw error if file not present in path" duration="62"/>
    <testCase name="TeamCrudService addTeam()  should throw error if team is already present in db" duration="57"/>
    <testCase name="TeamCrudService addTeam()  should add team if team is not already present in db" duration="63"/>
    <testCase name="TeamCrudService addTeam()  should create new team if team is not already present in db and even if logo is not there" duration="46"/>
    <testCase name="TeamCrudService deleteTeamById()  should delete team if team is present in db" duration="78"/>
    <testCase name="TeamCrudService deleteTeamById()  should throw error if team is not present in db" duration="74"/>
    <testCase name="TeamCrudService getAllTeams()  should return all the teams present in the db" duration="52"/>
    <testCase name="TeamCrudService getAllTeams()  should return a message when no team is found" duration="69"/>
    <testCase name="TeamCrudService viewTeamsInADC() should return adc Team list" duration="55"/>
    <testCase name="TeamCrudService findTeamById() should return the team if it is present in the db" duration="58"/>
    <testCase name="TeamCrudService updateTeamStatus() should update the status of team " duration="67"/>
  </file>
  <file path="C:\projects\my-projects\workspaces\New1\powerboard\powerboard-business-api\src\app\core\user\services\user.service.spec.ts">
    <testCase name="UserService should be defined after module initialization" duration="84"/>
    <testCase name="UserService findUser() should return the User successfully if the user is present" duration="29"/>
    <testCase name="UserService registerUser registerUser() should register the User successfully if the user is not already present" duration="687"/>
    <testCase name="UserService registerUser registerUser() should successfully register the existing user to other team" duration="54"/>
    <testCase name="UserService registerUser registerUser() should throw error message if the user is already present in that team" duration="32"/>
    <testCase name="UserService changePassword() changePassword() method should change the password of a user successfully if user is present" duration="1131"/>
    <testCase name="UserService changePassword() changePassword() method should throw error if user is not present" duration="36"/>
    <testCase name="UserService deleteGuestById() deleteGuestById() should delete guest user if it is present" duration="21"/>
    <testCase name="UserService deleteGuestById() deleteGuestById() should throw error if user is not present" duration="25"/>
  </file>
  <file path="C:\projects\my-projects\workspaces\New1\powerboard\powerboard-business-api\src\app\file-storage\services\file-storage.service.spec.ts">
    <testCase name="CloudFileStorageService should be defined after module initialization" duration="10"/>
    <testCase name="CloudFileStorageService uploadFile() method  should upload the file to s3 correctly" duration="83"/>
    <testCase name="CloudFileStorageService uploadFile() method  uploadS3() method  should call the s3 with correct parameters to upload a file to aws" duration="16"/>
    <testCase name="CloudFileStorageService uploadFile() method  uploadS3() method  should throw error if there any" duration="10"/>
    <testCase name="CloudFileStorageService uploadFile() method  getS3() method  should return the S3 instance" duration="101"/>
    <testCase name="CloudFileStorageService uploadFile() method  deleteFile() method  should delete the file from s3 successfully" duration="9"/>
    <testCase name="CloudFileStorageService uploadFile() method  deleteFile() method  should throw error if there is any" duration="12"/>
    <testCase name="CloudFileStorageService uploadFile() method  deleteMultipleFiles() method  should delete the multiple files together from s3 successfully" duration="11"/>
    <testCase name="CloudFileStorageService uploadFile() method  deleteMultipleFiles() method  should throw error if there is any" duration="16"/>
    <testCase name="CloudFileStorageService uploadFile() method  deleteMultipleFolders() method  should delete the multiple files together from s3 successfully" duration="21"/>
    <testCase name="CloudFileStorageService uploadFile() method  deleteMultipleFolders() method  should throw error if there is any" duration="11"/>
  </file>
  <file path="C:\projects\my-projects\workspaces\New1\powerboard\powerboard-business-api\src\app\teams\controllers\team.crud.controller.spec.ts">
    <testCase name="Multimedia Controller should be defined after module initialization" duration="7"/>
    <testCase name="Multimedia Controller getTeamInfoById() should return team information by user id and team id" duration="3"/>
    <testCase name="Multimedia Controller getTeamsByCenterId() should return team information by user id and team id" duration="2"/>
    <testCase name="Multimedia Controller addTeam() should create a new team" duration="93"/>
    <testCase name="Multimedia Controller deleteTeamById() should create a new team" duration="2"/>
    <testCase name="Multimedia Controller getAllTeams() should create a new team" duration="1"/>
    <testCase name="Multimedia Controller updateTeam() should create a new team" duration="3"/>
    <testCase name="Multimedia Controller uploadLogo() should create a new team" duration="2"/>
    <testCase name="Multimedia Controller deleteLogoFromTeam() should create a new team" duration="2"/>
  </file>
  <file path="C:\projects\my-projects\workspaces\New1\powerboard\powerboard-business-api\src\app\email\services\email.service.spec.ts">
    <testCase name="EmailService should be defined after module initialization" duration="40"/>
    <testCase name="EmailService sendTeamplateEmail() should throw error if sendTemplateEmail method fails" duration="10"/>
    <testCase name="EmailService sendTeamplateEmail() should send the template Email to destined user" duration="9"/>
    <testCase name="EmailService sendTeamplateEmail() should throw error if the file is not found" duration="7"/>
    <testCase name="EmailService getSES() should return an SES object" duration="39"/>
  </file>
  <file path="C:\projects\my-projects\workspaces\New1\powerboard\powerboard-business-api\src\app\core\user\services\user-team.service.spec.ts">
    <testCase name="UserService should be defined after module initialization" duration="19"/>
    <testCase name="UserService addUserToTeam() addUserToTeam() should throw error if the user is already present in the team" duration="36"/>
    <testCase name="UserService addUserToTeam() addUserToOtherTeam() should successfully add user to the team if it is not present in the team" duration="10"/>
    <testCase name="UserService deleteUserFromTeamById() deleteUserFromTeamById() should delete the user from team if it is present there  " duration="10"/>
    <testCase name="UserService deleteUserFromTeamById() should delete the user from team if it is present there  " duration="9"/>
    <testCase name="UserService updateUserRole() updateUserRole should successfully update the user role" duration="11"/>
    <testCase name="UserService updateUserRole() updateUserRole should successfully update the user role" duration="10"/>
    <testCase name="UserService isSystemAdmin()  method should return true if the user role name is system_admin" duration="7"/>
    <testCase name="UserService isSystemAdmin()  method should return true if the user role name is guest_user" duration="31"/>
    <testCase name="UserService isSystemAdmin()  method should return false if the user role name is not system_admin or guest_user" duration="7"/>
    <testCase name="UserService findUserTeamDetails() findUserTeamDetails() should return unqiue userteam object for that particular user in that team  " duration="15"/>
  </file>
  <file path="C:\projects\my-projects\workspaces\New1\powerboard\powerboard-business-api\src\app\dashboard\client-status\services\client-status.crud.service.spec.ts">
    <testCase name="ClientStatusCrudService should be defined after module initialization" duration="27"/>
    <testCase name="ClientStatusCrudService getClientFeedback() method should return clientStatusResponse" duration="14"/>
  </file>
  <file path="C:\projects\my-projects\workspaces\New1\powerboard\powerboard-business-api\src\app\core\user\services\user-session-details.service.spec.ts">
    <testCase name="UserSessionDetailsService should be defined after module initialization" duration="29"/>
    <testCase name="UserSessionDetailsService registerUserIntoUserSession should register the user into the User Session" duration="85"/>
    <testCase name="UserSessionDetailsService getUserSessionDetails should get the User Session Details of the user" duration="17"/>
    <testCase name="UserSessionDetailsService updateUserSessionAfterPasswordChange should update user session after password change" duration="12"/>
    <testCase name="UserSessionDetailsService updateLastLoggedInProject should update last logged in project id in user session entity in db" duration="15"/>
  </file>
  <file path="C:\projects\my-projects\workspaces\New1\powerboard\powerboard-business-api\src\app\core\user\services\user-privilege.service.spec.ts">
    <testCase name="UserPrivilegeService should be defined after module initialization" duration="20"/>
    <testCase name="UserPrivilegeService getUserPrivilegeForTeam() getPrivilegesList()  getPrivilegesList() method should return all the privileges of that particular user" duration="22"/>
    <testCase name="UserPrivilegeService getAllPrivileges() getAllPrivileges() method should return all the privileges of that particular user if the user is present" duration="14"/>
    <testCase name="UserPrivilegeService getAllPrivileges() getAllPrivileges() method should throw error if the user is not present" duration="25"/>
    <testCase name="UserPrivilegeService getAllUserRoles() getAllUserRoles() should fetch all user roles" duration="14"/>
    <testCase name="UserPrivilegeService getAllUserRoles() getAllUserRoles() should throw error if user is not present" duration="25"/>
  </file>
  <file path="C:\projects\my-projects\workspaces\New1\powerboard\powerboard-business-api\src\app\dashboard\sprint\controllers\sprint.crud.controller.spec.ts">
    <testCase name="SprintController should be defined after module initialization" duration="12"/>
  </file>
  <file path="C:\projects\my-projects\workspaces\New1\powerboard\powerboard-business-api\src\app\team-links\controllers\team-links.crud.controller.spec.ts">
    <testCase name="Auth Controller should be defined after module initialization" duration="7"/>
    <testCase name="Auth Controller getTeamLinks should return all the team links of team" duration="19"/>
    <testCase name="Auth Controller deleteTeamLinkById should delete the team link by its id" duration="7"/>
    <testCase name="Auth Controller addTeamLinks should create the team link" duration="2"/>
    <testCase name="Auth Controller getLinksCategory should return the team links category" duration="18"/>
  </file>
  <file path="C:\projects\my-projects\workspaces\New1\powerboard\powerboard-business-api\src\app\core\auth\services\auth.service.spec.ts">
    <testCase name="AuthService should be defined after module initialization" duration="81"/>
    <testCase name="AuthService validateUser should return a defined user response if the user is present in the database" duration="595"/>
    <testCase name="AuthService validateUser should return undefined response if the user is not present in the database" duration="53"/>
    <testCase name="AuthService singIn should return accessToken if the user is present in the database" duration="49"/>
    <testCase name="AuthService login should return a JWT token and login response when a valid user is provided" duration="110"/>
    <testCase name="AuthService login should return a exception when an invalid user is provided" duration="72"/>
    <testCase name="AuthService loginGuest() should call the loginResponseForGuest() method and return login response for a guest user" duration="51"/>
    <testCase name="AuthService loginResponseForGuest() should return login response for a guest user" duration="78"/>
    <testCase name="AuthService getHomeDetailsForUserId should return a home detail response for the given user" duration="38"/>
    <testCase name="AuthService getPowerboard() should return the powerboard response inside login response for a user who visited any team earlier" duration="49"/>
    <testCase name="AuthService changePassword() should return the user with updated password" duration="31"/>
    <testCase name="AuthService systemAdminHome() should return home response for system admin" duration="52"/>
    <testCase name="AuthService teamMemberTeamAdminHome() should return a home detail response for the team member or team admin" duration="35"/>
    <testCase name="AuthService homeDetailsForTeamMemberAdmin() should return home detail for the team member or team admin" duration="36"/>
    <testCase name="AuthService getPrivileges() should return the priveleges if the user is system admin or guest " duration="41"/>
    <testCase name="AuthService getPrivileges() should return the priveleges if the user is team admin or team member associated with any team" duration="46"/>
    <testCase name="AuthService register should register a new user if not exists" duration="38"/>
  </file>
  <file path="C:\projects\my-projects\workspaces\New1\powerboard\powerboard-business-api\src\app\dashboard\team-spirit\controllers\team-spirit.crud.controller.spec.ts">
    <testCase name="TeamSpiritController should be defined after module initialization" duration="2"/>
    <testCase name="TeamSpiritController getTeamSpiritFromSurvery() should fetch the team spirit rating for the team" duration="2"/>
  </file>
  <file path="C:\projects\my-projects\workspaces\New1\powerboard\powerboard-business-api\src\app\team-links\services\team-links.crud.service.spec.ts">
    <testCase name="TeamLinksCrudService should be defined after module initialization" duration="21"/>
    <testCase name="TeamLinksCrudService getTeamLinks getTeamLinks() method should return TeamLinkResponse" duration="18"/>
    <testCase name="TeamLinksCrudService createTeamLinks createTeamLinks() method should return saved TeamLinks" duration="25"/>
    <testCase name="TeamLinksCrudService deleteTeamLinkById deleteTeamLinkById() should delete the given team links " duration="51"/>
    <testCase name="TeamLinksCrudService getLinksCategory  should throw error message if the links are not present" duration="15"/>
    <testCase name="TeamLinksCrudService getLinksCategory  should fetch all the links category present" duration="16"/>
  </file>
  <file path="C:\projects\my-projects\workspaces\New1\powerboard\powerboard-business-api\src\app\dashboard\code-quality-snapshot\services\code-quality-snapshot.crud.service.spec.ts">
    <testCase name="CodeQualitySnapshotCrudService should be defined after module initialization" duration="20"/>
    <testCase name="CodeQualitySnapshotCrudService getCodeQualitySnapshot should return code quality response of the existed team" duration="24"/>
  </file>
  <file path="C:\projects\my-projects\workspaces\New1\powerboard\powerboard-business-api\src\app\ad-center\services\ad-center.crud.service.spec.ts">
    <testCase name="ADCenterCrudService should be defined after module initialization" duration="20"/>
    <testCase name="ADCenterCrudService getAllADCenter should return all center list" duration="13"/>
  </file>
  <file path="C:\projects\my-projects\workspaces\New1\powerboard\powerboard-business-api\src\app\dashboard\team-spirit\services\team-spirit.crud.service.spec.ts">
    <testCase name="TeamSpiritCrudService should be defined after module initialization" duration="25"/>
    <testCase name="TeamSpiritCrudService getTeamSpiritFromSurvey getTeamSpiritFromSurvey() method should return teamSpiritResponse" duration="18"/>
  </file>
  <file path="C:\projects\my-projects\workspaces\New1\powerboard\powerboard-business-api\src\app\shared\filters\business-logic.filter.spec.ts">
    <testCase name="BusinessLogicFilter should be defined" duration="4"/>
    <testCase name="BusinessLogicFilter catch should return an 400 Bad Request error" duration="40"/>
    <testCase name="BusinessLogicFilter catch should also work without logger" duration="0"/>
  </file>
  <file path="C:\projects\my-projects\workspaces\New1\powerboard\powerboard-business-api\src\app\ad-center\controllers\ad-center.crud.controller.spec.ts">
    <testCase name="Auth Controller should be defined after module initialization" duration="1"/>
    <testCase name="Auth Controller getAllCenters should return all the centers present in db" duration="2"/>
  </file>
  <file path="C:\projects\my-projects\workspaces\New1\powerboard\powerboard-business-api\src\app\core\user\controllers\user.controller.spec.ts">
    <testCase name="Auth Controller should be defined after module initialization" duration="2"/>
    <testCase name="Auth Controller getAllMemberOfTeam should return all the members of a team" duration="2"/>
    <testCase name="Auth Controller deleteUserFromTeamById should delete the member from a team" duration="8"/>
    <testCase name="Auth Controller updateUserRole should update user role" duration="2"/>
    <testCase name="Auth Controller getAllUserRoles should return all the user roles" duration="2"/>
    <testCase name="Auth Controller updateLastLoggedProject should update the project with last logged in project" duration="2"/>
  </file>
  <file path="C:\projects\my-projects\workspaces\New1\powerboard\powerboard-business-api\src\app\core\auth\strategies\jwt.strategy.spec.ts">
    <testCase name="JwtStrategy validate should validate the payload received in the JWT token and should return it" duration="3"/>
  </file>
  <file path="C:\projects\my-projects\workspaces\New1\powerboard\powerboard-business-api\src\app\core\auth\controllers\auth.controller.spec.ts">
    <testCase name="Auth Controller should be defined after module initialization" duration="2"/>
    <testCase name="Auth Controller login should return the JWT token and login response when the user is correct" duration="9"/>
    <testCase name="Auth Controller login should return the error if there is any error from the auth service" duration="4"/>
    <testCase name="Auth Controller loginGuest should return the JWT token and login response when the user is a guest" duration="2"/>
    <testCase name="Auth Controller register should return the newly registered User entity" duration="3"/>
    <testCase name="Auth Controller changePassword should change the password of the user" duration="2"/>
    <testCase name="Auth Controller getHomeDetailsForUserId should home page response for user" duration="1"/>
  </file>
  <file path="C:\projects\my-projects\workspaces\New1\powerboard\powerboard-business-api\src\app\email\controller\email.controller.spec.ts">
    <testCase name="EmailController should be defined after module initialization" duration="2"/>
    <testCase name="EmailController sendEmailToNewUser should send templated email to new user" duration="5"/>
  </file>
  <file path="C:\projects\my-projects\workspaces\New1\powerboard\powerboard-business-api\src\app\core\auth\guards\roles.guard.spec.ts">
    <testCase name="RolesGuard canActivate should return true when the role of the user is in the roles array reflected by the handler or class" duration="4"/>
    <testCase name="RolesGuard canActivate should return false when the role of the user is not in the roles array reflected by the handler or class" duration="1"/>
    <testCase name="RolesGuard canActivate should return true if no role metadata is defined" duration="1"/>
  </file>
  <file path="C:\projects\my-projects\workspaces\New1\powerboard\powerboard-business-api\src\app\app.controller.spec.ts">
    <testCase name="AppController root should return &quot;Hello World!&quot;" duration="15"/>
  </file>
  <file path="C:\projects\my-projects\workspaces\New1\powerboard\powerboard-business-api\src\app\core\auth\decorators\roles.decorator.spec.ts">
    <testCase name="Roles should reflect metadata in the class and methods" duration="3"/>
  </file>
</testExecutions>